2024-05-24 19:01:08,736 - main - INFO - [MAIN Google START]
2024-05-24 19:02:22,480 - google_api - DEBUG - Gsearch result debug: No.1 | https://podcasts.apple.com/us/podcast/media-pressure/id1724255685
2024-05-24 19:02:22,480 - google_api - DEBUG - Gsearch result debug: No.2 | https://podcasts.apple.com/us/podcast/catholic-saints/id1597828386
2024-05-24 19:02:22,481 - google_api - DEBUG - Gsearch result debug: No.3 | https://podcasts.apple.com/us/podcast/science-friday/id73329284
2024-05-24 19:02:22,481 - google_api - DEBUG - Gsearch result debug: No.4 | https://podcasts.apple.com/us/podcast/who-weekly/id1076377547
2024-05-24 19:02:22,482 - google_api - DEBUG - Gsearch result debug: No.5 | https://podcasts.apple.com/us/podcast/love-letters/id1354140820
2024-05-24 19:02:22,482 - google_api - DEBUG - Gsearch result debug: No.6 | https://podcasts.apple.com/us/podcast/bloomberg-businessweek/id393107187
2024-05-24 19:02:22,483 - google_api - DEBUG - Gsearch result debug: No.7 | https://podcasts.apple.com/us/podcast/america-dissected/id1480634141
2024-05-24 19:02:22,483 - google_api - DEBUG - Gsearch result debug: No.8 | https://podcasts.apple.com/us/podcast/science-weekly/id136697669
2024-05-24 19:02:22,483 - google_api - DEBUG - Gsearch result debug: No.9 | https://podcasts.apple.com/us/podcast/rattled-shook/id1696131929
2024-05-24 19:02:22,483 - google_api - DEBUG - Gsearch result debug: No.10 | https://podcasts.apple.com/us/podcast/the-besties/id505516789
2024-05-24 19:03:23,636 - google_api - DEBUG - Gsearch result debug: No.11 | https://podcasts.apple.com/us/podcast/the-heist/id1530138961
2024-05-24 19:03:23,637 - google_api - DEBUG - Gsearch result debug: No.12 | https://podcasts.apple.com/us/podcast/politico-tech/id1500970749
2024-05-24 19:03:23,637 - google_api - DEBUG - Gsearch result debug: No.13 | https://podcasts.apple.com/us/podcast/intelligence-matters/id1286906615
2024-05-24 19:03:23,637 - google_api - DEBUG - Gsearch result debug: No.14 | https://podcasts.apple.com/us/podcast/the-cut/id1437189814
2024-05-24 19:03:23,637 - google_api - DEBUG - Gsearch result debug: No.15 | https://podcasts.apple.com/us/podcast/radio-atlantic/id1258635512
2024-05-24 19:03:23,637 - google_api - DEBUG - Gsearch result debug: No.16 | https://podcasts.apple.com/us/podcast/aspen-podcasts/id1545378552
2024-05-24 19:03:23,638 - google_api - DEBUG - Gsearch result debug: No.17 | https://podcasts.apple.com/us/podcast/targeting-ai/id1697365682
2024-05-24 19:03:23,638 - google_api - DEBUG - Gsearch result debug: No.18 | https://podcasts.apple.com/us/podcast/heaving-bosoms/id1294702451
2024-05-24 19:03:23,638 - google_api - DEBUG - Gsearch result debug: No.19 | https://podcasts.apple.com/us/podcast/slate-debates/id500673866
2024-05-24 19:03:23,638 - google_api - DEBUG - Gsearch result debug: No.20 | https://podcasts.apple.com/us/podcast/trade-talks/id1270804213
2024-05-24 19:04:25,907 - google_api - DEBUG - Gsearch result debug: No.21 | https://podcasts.apple.com/us/podcast/thinking-allowed/id261548752
2024-05-24 19:04:25,908 - google_api - DEBUG - Gsearch result debug: No.22 | https://podcasts.apple.com/us/podcast/prophecy-watchers/id1162811009
2024-05-24 19:04:25,908 - google_api - DEBUG - Gsearch result debug: No.23 | https://podcasts.apple.com/us/podcast/arts-ideas/id140685432
2024-05-24 19:04:25,908 - google_api - DEBUG - Gsearch result debug: No.24 | https://podcasts.apple.com/us/podcast/how-to/id1469631127
2024-05-24 19:04:25,908 - google_api - DEBUG - Gsearch result debug: No.25 | https://podcasts.apple.com/us/podcast/squawk-pod/id1480890290
2024-05-24 19:04:25,909 - google_api - DEBUG - Gsearch result debug: No.26 | https://podcasts.apple.com/us/podcast/inside-bipolar/id1613398128
2024-05-24 19:04:25,909 - google_api - DEBUG - Gsearch result debug: No.27 | https://podcasts.apple.com/us/podcast/talking-sopranos/id1500453500
2024-05-24 19:04:25,909 - google_api - DEBUG - Gsearch result debug: No.28 | https://podcasts.apple.com/us/podcast/the-bookmonger/id959714077
2024-05-24 19:04:25,909 - google_api - DEBUG - Gsearch result debug: No.29 | https://podcasts.apple.com/us/podcast/clauses-controversies/id1528208049
2024-05-24 19:04:25,910 - google_api - DEBUG - Gsearch result debug: No.30 | https://podcasts.apple.com/us/podcast/money-girl/id209859739
2024-05-24 19:05:27,336 - google_api - DEBUG - Gsearch result debug: No.31 | https://podcasts.apple.com/us/podcast/curious-city/id568409161
2024-05-24 19:05:27,337 - google_api - DEBUG - Gsearch result debug: No.32 | https://podcasts.apple.com/us/podcast/sinica-podcast/id1121407665
2024-05-24 19:05:27,337 - google_api - DEBUG - Gsearch result debug: No.33 | https://podcasts.apple.com/us/podcast/lgbtq-a/id1151561226
2024-05-24 19:05:27,337 - google_api - DEBUG - Gsearch result debug: No.34 | https://podcasts.apple.com/us/podcast/skip-intro/id1468510314
2024-05-24 19:05:27,337 - google_api - DEBUG - Gsearch result debug: No.35 | https://podcasts.apple.com/us/podcast/20-20/id987967575
2024-05-24 19:05:27,338 - google_api - DEBUG - Gsearch result debug: No.36 | https://podcasts.apple.com/us/podcast/gender-reveal/id1330522019
2024-05-24 19:05:27,338 - google_api - DEBUG - Gsearch result debug: No.37 | https://podcasts.apple.com/us/podcast/savvy-psychologist/id803978236
2024-05-24 19:05:27,338 - google_api - DEBUG - Gsearch result debug: No.38 | https://podcasts.apple.com/us/podcast/bay-curious/id1172473406
2024-05-24 19:05:27,338 - google_api - DEBUG - Gsearch result debug: No.39 | https://podcasts.apple.com/us/podcast/sincerely-x/id1238801741
2024-05-24 19:05:27,338 - google_api - DEBUG - Gsearch result debug: No.40 | https://podcasts.apple.com/us/podcast/civics-101/id1195657423
2024-05-24 19:06:28,622 - google_api - DEBUG - Gsearch result debug: No.41 | https://podcasts.apple.com/us/podcast/spittin-chiclets/id1112425552
2024-05-24 19:06:28,623 - google_api - DEBUG - Gsearch result debug: No.42 | https://podcasts.apple.com/us/podcast/crime-salad/id1457141569
2024-05-24 19:06:28,623 - google_api - DEBUG - Gsearch result debug: No.43 | https://podcasts.apple.com/us/podcast/horror-story/id1549480640
2024-05-24 19:06:28,623 - google_api - DEBUG - Gsearch result debug: No.44 | https://podcasts.apple.com/us/podcast/rachel-uncensored/id1579184015
2024-05-24 19:06:28,623 - google_api - DEBUG - Gsearch result debug: No.45 | https://podcasts.apple.com/us/podcast/dumb-blonde/id1465273008
2024-05-24 19:06:28,624 - google_api - DEBUG - Gsearch result debug: No.46 | https://podcasts.apple.com/us/podcast/radio-advisory/id1506666599
2024-05-24 19:06:28,624 - google_api - DEBUG - Gsearch result debug: No.47 | https://podcasts.apple.com/us/podcast/ghost-story/id1708635466
2024-05-24 19:06:28,624 - google_api - DEBUG - Gsearch result debug: No.48 | https://podcasts.apple.com/us/podcast/life-changing/id1561150286
2024-05-24 19:06:28,625 - google_api - DEBUG - Gsearch result debug: No.49 | https://podcasts.apple.com/us/podcast/talking-tech/id658291823
2024-05-24 19:06:28,625 - google_api - DEBUG - Gsearch result debug: No.50 | https://podcasts.apple.com/us/podcast/peoples-things/id1582768008
2024-05-24 19:07:29,919 - google_api - DEBUG - Gsearch result debug: No.51 | https://podcasts.apple.com/us/podcast/osterholm-update/id1504360345
2024-05-24 19:07:29,920 - google_api - DEBUG - Gsearch result debug: No.52 | https://podcasts.apple.com/us/podcast/boomer-gio/id386001601
2024-05-24 19:07:29,921 - google_api - DEBUG - Gsearch result debug: No.53 | https://podcasts.apple.com/us/podcast/digital-folklore/id1657374458
2024-05-24 19:07:29,927 - google_api - DEBUG - Gsearch result debug: No.54 | https://podcasts.apple.com/us/podcast/career-contessa/id1434354911
2024-05-24 19:07:29,927 - google_api - DEBUG - Gsearch result debug: No.55 | https://podcasts.apple.com/us/podcast/ear-hustle/id1240841298
2024-05-24 19:07:29,927 - google_api - DEBUG - Gsearch result debug: No.56 | https://podcasts.apple.com/us/podcast/sports-wars/id1458930048
2024-05-24 19:07:29,928 - google_api - DEBUG - Gsearch result debug: No.57 | https://podcasts.apple.com/us/podcast/toothbrush-stories/id1524574790
2024-05-24 19:07:29,928 - google_api - DEBUG - Gsearch result debug: No.58 | https://podcasts.apple.com/us/podcast/morning-joe/id974299441
2024-05-24 19:07:29,928 - google_api - DEBUG - Gsearch result debug: No.59 | https://podcasts.apple.com/us/podcast/gone-medieval/id1564113746
2024-05-24 19:07:29,929 - google_api - DEBUG - Gsearch result debug: No.60 | https://podcasts.apple.com/us/podcast/doable-discipleship/id1240966935
